<?xml version="1.0" encoding="UTF-8"?>
<!-- Generated by org.testng.reporters.JUnitXMLReporter -->
<testsuite ignored="0" hostname="Sciencefreek" failures="1" tests="9" name="chromeTest" time="687.461" errors="0" timestamp="2023-12-14T11:28:54 IST">
  <testcase classname="capstone.ecommerce.tests.LinkverifyTest" name="signupTest1" time="20.644"/>
  <testcase classname="capstone.ecommerce.tests.SignupTest" name="signupTest" time="56.885"/>
  <testcase classname="capstone.ecommerce.tests.LoginTest" name="signupTest1" time="46.78"/>
  <testcase classname="capstone.ecommerce.tests.HomeTest1" name="HomepageLinkTest1" time="91.562">
    <failure type="java.lang.AssertionError" message="expected [true] but found [false]">
      <![CDATA[java.lang.AssertionError: expected [true] but found [false]
at capstone.ecommerce.pages.HomePage1.crecard(HomePage1.java:112)
at capstone.ecommerce.utils.ECwrapper.homepageLink1(ECwrapper.java:131)
at capstone.ecommerce.tests.HomeTest1.HomepageLinkTest1(HomeTest1.java:26)
at java.base/java.util.ArrayList.forEach(ArrayList.java:1511)
... Removed 31 stack frames]]>
    </failure>
  </testcase> <!-- HomepageLinkTest1 -->
  <testcase classname="capstone.ecommerce.tests.BottonlinksTest" name="BottLinkTest1" time="23.967"/>
  <testcase classname="capstone.ecommerce.tests.ShopByDeptTest" name="deptshop" time="87.386"/>
  <testcase classname="capstone.ecommerce.tests.SearchaddTest" name="seachandAdd" time="37.33"/>
  <testcase classname="capstone.ecommerce.tests.MenuBrandsTest" name="selectbyBrand" time="91.981"/>
  <testcase classname="capstone.ecommerce.tests.PaypalTest" name="selectbyBrand" time="230.705"/>
</testsuite> <!-- chromeTest -->
