<?xml version="1.0" encoding="UTF-8"?>
<!-- Generated by org.testng.reporters.JUnitXMLReporter -->
<testsuite ignored="0" hostname="Sciencefreek" failures="1" tests="9" name="EdgeTest" time="492.05" errors="0" timestamp="2023-12-14T11:37:06 IST">
  <testcase classname="capstone.ecommerce.tests.LinkverifyTest" name="signupTest1" time="18.509"/>
  <testcase classname="capstone.ecommerce.tests.SignupTest" name="signupTest" time="67.02"/>
  <testcase classname="capstone.ecommerce.tests.LoginTest" name="signupTest1" time="53.534"/>
  <testcase classname="capstone.ecommerce.tests.HomeTest1" name="HomepageLinkTest1" time="83.853">
    <failure type="java.lang.AssertionError" message="expected [true] but found [false]">
      <![CDATA[java.lang.AssertionError: expected [true] but found [false]
at capstone.ecommerce.pages.HomePage1.mbbm(HomePage1.java:103)
at capstone.ecommerce.utils.ECwrapper.homepageLink1(ECwrapper.java:130)
at capstone.ecommerce.tests.HomeTest1.HomepageLinkTest1(HomeTest1.java:26)
at java.base/java.util.ArrayList.forEach(ArrayList.java:1511)
... Removed 31 stack frames]]>
    </failure>
  </testcase> <!-- HomepageLinkTest1 -->
  <testcase classname="capstone.ecommerce.tests.BottonlinksTest" name="BottLinkTest1" time="26.216"/>
  <testcase classname="capstone.ecommerce.tests.ShopByDeptTest" name="deptshop" time="91.389"/>
  <testcase classname="capstone.ecommerce.tests.SearchaddTest" name="seachandAdd" time="62.879"/>
  <testcase classname="capstone.ecommerce.tests.MenuBrandsTest" name="selectbyBrand" time="49.241"/>
  <testcase classname="capstone.ecommerce.tests.PaypalTest" name="selectbyBrand" time="39.367"/>
</testsuite> <!-- EdgeTest -->
