<!DOCTYPE html PUBLIC "-//W3C//DTD XHTML 1.1//EN" "https://www.w3.org/TR/xhtml11/DTD/xhtml11.dtd">
<html xmlns="https://www.w3.org/1999/xhtml">
<head>
<meta http-equiv="content-type" content="text/html; charset=UTF-8"/>
<title>TestNG Report</title>
<style type="text/css">table {margin-bottom:10px;border-collapse:collapse;empty-cells:show}th,td {border:1px solid #009;padding:.25em .5em}th {vertical-align:bottom}td {vertical-align:top}table a {font-weight:bold}.stripe td {background-color: #E6EBF9}.num {text-align:right}.passedodd td {background-color: #3F3}.passedeven td {background-color: #0A0}.skippedodd td {background-color: #DDD}.skippedeven td {background-color: #CCC}.failedodd td,.attn {background-color: #F33}.failedeven td,.stripe .attn {background-color: #D00}.stacktrace {white-space:pre;font-family:monospace}.totop {font-size:85%;text-align:center;border-bottom:2px solid #000}.invisible {display:none}</style>
</head>
<body>
<table>
<tr><th>Test</th><th># Passed</th><th># Skipped</th><th># Retried</th><th># Failed</th><th>Time (ms)</th><th>Included Groups</th><th>Excluded Groups</th></tr>
<tr><th colspan="8">Suite</th></tr>
<tr><td><a href="#t0">chromeTest</a></td><td class="num">8</td><td class="num">0</td><td class="num">0</td><td class="num attn">1</td><td class="num">687,461</td><td></td><td></td></tr>
<tr class="stripe"><td><a href="#t1">EdgeTest</a></td><td class="num">8</td><td class="num">0</td><td class="num">0</td><td class="num attn">1</td><td class="num">492,050</td><td></td><td></td></tr>
<tr><th>Total</th><th class="num">16</th><th class="num">0</th><th class="num">0</th><th class="num attn">2</th><th class="num">1,179,511</th><th colspan="2"></th></tr>
</table>
<table id='summary'><thead><tr><th>Class</th><th>Method</th><th>Start</th><th>Time (ms)</th></tr></thead><tbody><tr><th colspan="4">Suite</th></tr></tbody><tbody id="t0"><tr><th colspan="4">chromeTest &#8212; failed</th></tr><tr class="failedeven"><td rowspan="1">capstone.ecommerce.tests.HomeTest1</td><td><a href="#m0">HomepageLinkTest1</a></td><td rowspan="1">1702532971544</td><td rowspan="1">91562</td></tr><tr><th colspan="4">chromeTest &#8212; passed</th></tr><tr class="passedeven"><td rowspan="1">capstone.ecommerce.tests.BottonlinksTest</td><td><a href="#m1">BottLinkTest1</a></td><td rowspan="1">1702533063120</td><td rowspan="1">23967</td></tr><tr class="passedodd"><td rowspan="1">capstone.ecommerce.tests.LinkverifyTest</td><td><a href="#m2">signupTest1</a></td><td rowspan="1">1702532847210</td><td rowspan="1">20644</td></tr><tr class="passedeven"><td rowspan="1">capstone.ecommerce.tests.LoginTest</td><td><a href="#m3">signupTest1</a></td><td rowspan="1">1702532924758</td><td rowspan="1">46780</td></tr><tr class="passedodd"><td rowspan="1">capstone.ecommerce.tests.MenuBrandsTest</td><td><a href="#m4">selectbyBrand</a></td><td rowspan="1">1702533211823</td><td rowspan="1">91981</td></tr><tr class="passedeven"><td rowspan="1">capstone.ecommerce.tests.PaypalTest</td><td><a href="#m5">selectbyBrand</a></td><td rowspan="1">1702533303807</td><td rowspan="1">230705</td></tr><tr class="passedodd"><td rowspan="1">capstone.ecommerce.tests.SearchaddTest</td><td><a href="#m6">seachandAdd</a></td><td rowspan="1">1702533174486</td><td rowspan="1">37330</td></tr><tr class="passedeven"><td rowspan="1">capstone.ecommerce.tests.ShopByDeptTest</td><td><a href="#m7">deptshop</a></td><td rowspan="1">1702533087092</td><td rowspan="1">87386</td></tr><tr class="passedodd"><td rowspan="1">capstone.ecommerce.tests.SignupTest</td><td><a href="#m8">signupTest</a></td><td rowspan="1">1702532867865</td><td rowspan="1">56885</td></tr></tbody>
<tbody id="t1"><tr><th colspan="4">EdgeTest &#8212; failed</th></tr><tr class="failedeven"><td rowspan="1">capstone.ecommerce.tests.HomeTest1</td><td><a href="#m9">HomepageLinkTest1</a></td><td rowspan="1">1702533673713</td><td rowspan="1">83853</td></tr><tr><th colspan="4">EdgeTest &#8212; passed</th></tr><tr class="passedeven"><td rowspan="1">capstone.ecommerce.tests.BottonlinksTest</td><td><a href="#m10">BottLinkTest1</a></td><td rowspan="1">1702533757575</td><td rowspan="1">26216</td></tr><tr class="passedodd"><td rowspan="1">capstone.ecommerce.tests.LinkverifyTest</td><td><a href="#m11">signupTest1</a></td><td rowspan="1">1702533534635</td><td rowspan="1">18509</td></tr><tr class="passedeven"><td rowspan="1">capstone.ecommerce.tests.LoginTest</td><td><a href="#m12">signupTest1</a></td><td rowspan="1">1702533620174</td><td rowspan="1">53534</td></tr><tr class="passedodd"><td rowspan="1">capstone.ecommerce.tests.MenuBrandsTest</td><td><a href="#m13">selectbyBrand</a></td><td rowspan="1">1702533938067</td><td rowspan="1">49241</td></tr><tr class="passedeven"><td rowspan="1">capstone.ecommerce.tests.PaypalTest</td><td><a href="#m14">selectbyBrand</a></td><td rowspan="1">1702533987313</td><td rowspan="1">39367</td></tr><tr class="passedodd"><td rowspan="1">capstone.ecommerce.tests.SearchaddTest</td><td><a href="#m15">seachandAdd</a></td><td rowspan="1">1702533875187</td><td rowspan="1">62879</td></tr><tr class="passedeven"><td rowspan="1">capstone.ecommerce.tests.ShopByDeptTest</td><td><a href="#m16">deptshop</a></td><td rowspan="1">1702533783793</td><td rowspan="1">91389</td></tr><tr class="passedodd"><td rowspan="1">capstone.ecommerce.tests.SignupTest</td><td><a href="#m17">signupTest</a></td><td rowspan="1">1702533553149</td><td rowspan="1">67020</td></tr></tbody>
</table>
<h2>chromeTest</h2><h3 id="m0">capstone.ecommerce.tests.HomeTest1#HomepageLinkTest1</h3><table class="result"><tr class="param"><th>Parameter #1</th></tr><tr class="param stripe"><td>chrome</td></tr><tr><th>Exception</th></tr><tr><td><div class="stacktrace">java.lang.AssertionError: expected [true] but found [false]
	at capstone.ecommerce.pages.HomePage1.crecard(HomePage1.java:112)
	at capstone.ecommerce.utils.ECwrapper.homepageLink1(ECwrapper.java:131)
	at capstone.ecommerce.tests.HomeTest1.HomepageLinkTest1(HomeTest1.java:26)
	at java.base/java.util.ArrayList.forEach(ArrayList.java:1511)
... Removed 31 stack frames</div></td></tr></table><p class="totop"><a href="#summary">back to summary</a></p>
<h3 id="m1">capstone.ecommerce.tests.BottonlinksTest#BottLinkTest1</h3><table class="result"><tr class="param"><th>Parameter #1</th></tr><tr class="param stripe"><td>chrome</td></tr></table><p class="totop"><a href="#summary">back to summary</a></p>
<h3 id="m2">capstone.ecommerce.tests.LinkverifyTest#signupTest1</h3><table class="result"><tr class="param"><th>Parameter #1</th></tr><tr class="param stripe"><td>chrome</td></tr></table><p class="totop"><a href="#summary">back to summary</a></p>
<h3 id="m3">capstone.ecommerce.tests.LoginTest#signupTest1</h3><table class="result"><tr class="param"><th>Parameter #1</th></tr><tr class="param stripe"><td>chrome</td></tr></table><p class="totop"><a href="#summary">back to summary</a></p>
<h3 id="m4">capstone.ecommerce.tests.MenuBrandsTest#selectbyBrand</h3><table class="result"><tr class="param"><th>Parameter #1</th></tr><tr class="param stripe"><td>chrome</td></tr></table><p class="totop"><a href="#summary">back to summary</a></p>
<h3 id="m5">capstone.ecommerce.tests.PaypalTest#selectbyBrand</h3><table class="result"><tr class="param"><th>Parameter #1</th></tr><tr class="param stripe"><td>chrome</td></tr></table><p class="totop"><a href="#summary">back to summary</a></p>
<h3 id="m6">capstone.ecommerce.tests.SearchaddTest#seachandAdd</h3><table class="result"><tr class="param"><th>Parameter #1</th></tr><tr class="param stripe"><td>chrome</td></tr></table><p class="totop"><a href="#summary">back to summary</a></p>
<h3 id="m7">capstone.ecommerce.tests.ShopByDeptTest#deptshop</h3><table class="result"><tr class="param"><th>Parameter #1</th></tr><tr class="param stripe"><td>chrome</td></tr></table><p class="totop"><a href="#summary">back to summary</a></p>
<h3 id="m8">capstone.ecommerce.tests.SignupTest#signupTest</h3><table class="result"><tr class="param"><th>Parameter #1</th></tr><tr class="param stripe"><td>chrome</td></tr></table><p class="totop"><a href="#summary">back to summary</a></p>
<h2>EdgeTest</h2><h3 id="m9">capstone.ecommerce.tests.HomeTest1#HomepageLinkTest1</h3><table class="result"><tr class="param"><th>Parameter #1</th></tr><tr class="param stripe"><td>edge</td></tr><tr><th>Exception</th></tr><tr><td><div class="stacktrace">java.lang.AssertionError: expected [true] but found [false]
	at capstone.ecommerce.pages.HomePage1.mbbm(HomePage1.java:103)
	at capstone.ecommerce.utils.ECwrapper.homepageLink1(ECwrapper.java:130)
	at capstone.ecommerce.tests.HomeTest1.HomepageLinkTest1(HomeTest1.java:26)
	at java.base/java.util.ArrayList.forEach(ArrayList.java:1511)
... Removed 31 stack frames</div></td></tr></table><p class="totop"><a href="#summary">back to summary</a></p>
<h3 id="m10">capstone.ecommerce.tests.BottonlinksTest#BottLinkTest1</h3><table class="result"><tr class="param"><th>Parameter #1</th></tr><tr class="param stripe"><td>edge</td></tr></table><p class="totop"><a href="#summary">back to summary</a></p>
<h3 id="m11">capstone.ecommerce.tests.LinkverifyTest#signupTest1</h3><table class="result"><tr class="param"><th>Parameter #1</th></tr><tr class="param stripe"><td>edge</td></tr></table><p class="totop"><a href="#summary">back to summary</a></p>
<h3 id="m12">capstone.ecommerce.tests.LoginTest#signupTest1</h3><table class="result"><tr class="param"><th>Parameter #1</th></tr><tr class="param stripe"><td>edge</td></tr></table><p class="totop"><a href="#summary">back to summary</a></p>
<h3 id="m13">capstone.ecommerce.tests.MenuBrandsTest#selectbyBrand</h3><table class="result"><tr class="param"><th>Parameter #1</th></tr><tr class="param stripe"><td>edge</td></tr></table><p class="totop"><a href="#summary">back to summary</a></p>
<h3 id="m14">capstone.ecommerce.tests.PaypalTest#selectbyBrand</h3><table class="result"><tr class="param"><th>Parameter #1</th></tr><tr class="param stripe"><td>edge</td></tr></table><p class="totop"><a href="#summary">back to summary</a></p>
<h3 id="m15">capstone.ecommerce.tests.SearchaddTest#seachandAdd</h3><table class="result"><tr class="param"><th>Parameter #1</th></tr><tr class="param stripe"><td>edge</td></tr></table><p class="totop"><a href="#summary">back to summary</a></p>
<h3 id="m16">capstone.ecommerce.tests.ShopByDeptTest#deptshop</h3><table class="result"><tr class="param"><th>Parameter #1</th></tr><tr class="param stripe"><td>edge</td></tr></table><p class="totop"><a href="#summary">back to summary</a></p>
<h3 id="m17">capstone.ecommerce.tests.SignupTest#signupTest</h3><table class="result"><tr class="param"><th>Parameter #1</th></tr><tr class="param stripe"><td>edge</td></tr></table><p class="totop"><a href="#summary">back to summary</a></p>
</body>
</html>
